<?xml version="1.0" encoding="UTF-8"?>
<!-- Generated by org.testng.reporters.JUnitReportReporter -->
<testsuite skipped="0" hostname="PVBMPRL0703" name="com.practicevelocity.seleniumEregTests.EregPinAPICheck" tests="1" failures="0" timestamp="28 Feb 2019 18:55:56 GMT" time="63.494" errors="0">
  <testcase name="RestApiSignPin" time="63.494" classname="com.practicevelocity.seleniumEregTests.EregPinAPICheck"/>
</testsuite> <!-- com.practicevelocity.seleniumEregTests.EregPinAPICheck -->
