<?xml version="1.0" encoding="UTF-8"?>
<!-- Generated by org.testng.reporters.JUnitReportReporter -->
<testsuite skipped="0" hostname="PVBMPRL0703" name="com.practicevelocity.seleniumEregTests.StartRegistrationIsThisEmergencyYesTest" tests="1" failures="0" timestamp="28 Feb 2019 18:32:04 GMT" time="4.805" errors="0">
  <testcase name="EregIsThisEmergencyYes" time="4.805" classname="com.practicevelocity.seleniumEregTests.StartRegistrationIsThisEmergencyYesTest"/>
</testsuite> <!-- com.practicevelocity.seleniumEregTests.StartRegistrationIsThisEmergencyYesTest -->
