<?xml version="1.0" encoding="UTF-8"?>
<!-- Generated by org.testng.reporters.JUnitReportReporter -->
<testsuite skipped="0" hostname="PVBMPRL0703" name="com.practicevelocity.seleniumEregTests.PatientIdInsuranceCardPhotoYes" tests="1" failures="0" timestamp="28 Feb 2019 18:29:25 GMT" time="34.673" errors="0">
  <testcase name="PatientIDInsCardYes" time="34.673" classname="com.practicevelocity.seleniumEregTests.PatientIdInsuranceCardPhotoYes"/>
</testsuite> <!-- com.practicevelocity.seleniumEregTests.PatientIdInsuranceCardPhotoYes -->
