<?xml version="1.0" encoding="UTF-8"?>
<!-- Generated by org.testng.reporters.JUnitReportReporter -->
<testsuite skipped="0" hostname="PVBMPRL0703" name="com.practicevelocity.seleniumEregTests.StartandAbortEregistrationTest" tests="1" failures="0" timestamp="28 Feb 2019 18:31:01 GMT" time="11.190" errors="0">
  <testcase name="eRegAbortSession" time="11.190" classname="com.practicevelocity.seleniumEregTests.StartandAbortEregistrationTest"/>
</testsuite> <!-- com.practicevelocity.seleniumEregTests.StartandAbortEregistrationTest -->
