<?xml version="1.0" encoding="UTF-8"?>
<!-- Generated by org.testng.reporters.JUnitReportReporter -->
<testsuite skipped="0" hostname="PVBMPRL0703" name="com.dataUtils.ExcelDataProvider" tests="2" failures="0" timestamp="16 Dec 2018 04:37:46 GMT" time="0.010" errors="0">
  <testcase name="test1" time="0.001" classname="com.dataUtils.ExcelDataProvider"/>
  <testcase name="test1" time="0.009" classname="com.dataUtils.ExcelDataProvider"/>
</testsuite> <!-- com.dataUtils.ExcelDataProvider -->
