<?xml version="1.0" encoding="UTF-8"?>
<!-- Generated by org.testng.reporters.JUnitReportReporter -->
<testsuite skipped="0" hostname="PVBMPRL0703" name="com.practicevelocity.seleniumEregTests.StartRegistrationIsThisEmergencyYes" tests="1" failures="0" timestamp="07 Dec 2018 00:05:07 GMT" time="11.062" errors="0">
  <testcase name="testStartEregIsThisEmergencyYes" time="11.062" classname="com.practicevelocity.seleniumEregTests.StartRegistrationIsThisEmergencyYes"/>
</testsuite> <!-- com.practicevelocity.seleniumEregTests.StartRegistrationIsThisEmergencyYes -->
