<?xml version="1.0" encoding="UTF-8"?>
<!-- Generated by org.testng.reporters.JUnitReportReporter -->
<testsuite skipped="0" hostname="PVBMPRL0703" name="com.practicevelocity.seleniumEregTests.EregPatientInfoVerificationTest" tests="1" failures="0" timestamp="28 Feb 2019 18:26:21 GMT" time="77.900" errors="0">
  <testcase name="PatientInfoValid" time="77.900" classname="com.practicevelocity.seleniumEregTests.EregPatientInfoVerificationTest"/>
</testsuite> <!-- com.practicevelocity.seleniumEregTests.EregPatientInfoVerificationTest -->
