<?xml version="1.0" encoding="UTF-8"?>
<!-- Generated by org.testng.reporters.JUnitReportReporter -->
<testsuite skipped="0" hostname="PVBMPRL0703" name="com.practicevelocity.seleniumEregTests.DataDrivenTest" tests="1" failures="0" timestamp="19 Dec 2018 21:57:44 GMT" time="4.318" errors="0">
  <testcase name="fbLoginLogout" time="4.318" classname="com.practicevelocity.seleniumEregTests.DataDrivenTest"/>
</testsuite> <!-- com.practicevelocity.seleniumEregTests.DataDrivenTest -->
