<?xml version="1.0" encoding="UTF-8"?>
<!-- Generated by org.testng.reporters.JUnitReportReporter -->
<testsuite skipped="0" hostname="PVBMPRL0703" name="com.practicevelocity.seleniumEregTests.EregLoginPageTest" tests="1" failures="0" timestamp="17 Dec 2018 00:30:38 GMT" time="10.115" errors="0">
  <testcase name="RestApiSignPin" time="10.115" classname="com.practicevelocity.seleniumEregTests.EregLoginPageTest"/>
</testsuite> <!-- com.practicevelocity.seleniumEregTests.EregLoginPageTest -->
