<?xml version="1.0" encoding="UTF-8"?>
<!-- Generated by org.testng.reporters.JUnitReportReporter -->
<testsuite skipped="0" hostname="PVBMPRL0703" name="com.practicevelocity.seleniumEregTests.StartandAbortEregistration" tests="2" failures="0" timestamp="07 Dec 2018 00:30:57 GMT" time="11.182" errors="0">
  <testcase name="eRegAbort" time="6.291" classname="com.practicevelocity.seleniumEregTests.StartandAbortEregistration"/>
  <testcase name="RestApi" time="4.891" classname="com.practicevelocity.seleniumEregTests.StartandAbortEregistration"/>
</testsuite> <!-- com.practicevelocity.seleniumEregTests.StartandAbortEregistration -->
